<?xml version="1.0" encoding="utf-8"?><testsuites name="pytest tests"><testsuite name="pytest" errors="0" failures="0" skipped="0" tests="14" time="2.128" timestamp="2026-03-28T22:16:42.529376+00:00" hostname="agent-env-c46a6eab-36db-4aaa-8970-f2af27c95170"><testcase classname="backend.tests.test_portrait_settings.TestPortraitSettings" name="test_settings_returns_portrait_orientation" time="0.209" /><testcase classname="backend.tests.test_portrait_settings.TestPortraitSettings" name="test_settings_returns_4_3_aspect_ratio" time="0.166" /><testcase classname="backend.tests.test_portrait_settings.TestPortraitSettings" name="test_settings_returns_7_5_width" time="0.107" /><testcase classname="backend.tests.test_portrait_settings.TestPortraitSettings" name="test_settings_returns_10_height" time="0.142" /><testcase classname="backend.tests.test_portrait_settings.TestPortraitSettings" name="test_settings_all_portrait_values" time="0.123" /><testcase classname="backend.tests.test_portrait_settings.TestWeatherAPI" name="test_weather_extended_returns_forecast" time="0.247" /><testcase classname="backend.tests.test_portrait_settings.TestWeatherAPI" name="test_weather_extended_forecast_has_required_fields" time="0.173" /><testcase classname="backend.tests.test_portrait_settings.TestWeatherAPI" name="test_weather_current_has_all_fields" time="0.139" /><testcase classname="backend.tests.test_portrait_settings.TestHealthEndpoint" name="test_health_returns_healthy" time="0.169" /><testcase classname="backend.tests.test_portrait_settings.TestHealthEndpoint" name="test_health_shows_weather_configured" time="0.105" /><testcase classname="backend.tests.test_portrait_settings.TestAttractionsAPI" name="test_attractions_returns_list" time="0.107" /><testcase classname="backend.tests.test_portrait_settings.TestAttractionsAPI" name="test_attractions_have_required_fields" time="0.104" /><testcase classname="backend.tests.test_portrait_settings.TestEventsAPI" name="test_events_returns_list" time="0.126" /><testcase classname="backend.tests.test_portrait_settings.TestEventsAPI" name="test_events_have_required_fields" time="0.114" /></testsuite></testsuites>