<?xml version="1.0" encoding="utf-8"?><testsuites name="pytest tests"><testsuite name="pytest" errors="0" failures="0" skipped="0" tests="11" time="4.603" timestamp="2026-03-28T22:30:28.543928+00:00" hostname="agent-env-c46a6eab-36db-4aaa-8970-f2af27c95170"><testcase classname="backend.tests.test_widget_overlay_features.TestWidgetPositions" name="test_get_settings_includes_widget_positions" time="0.200" /><testcase classname="backend.tests.test_widget_overlay_features.TestWidgetPositions" name="test_update_widget_positions" time="0.274" /><testcase classname="backend.tests.test_widget_overlay_features.TestOverlayCRUD" name="test_get_overlays" time="0.149" /><testcase classname="backend.tests.test_widget_overlay_features.TestOverlayCRUD" name="test_create_overlay_banner_style" time="0.373" /><testcase classname="backend.tests.test_widget_overlay_features.TestOverlayCRUD" name="test_create_overlay_all_styles" time="1.002" /><testcase classname="backend.tests.test_widget_overlay_features.TestOverlayCRUD" name="test_update_overlay" time="0.481" /><testcase classname="backend.tests.test_widget_overlay_features.TestOverlayCRUD" name="test_delete_overlay" time="0.400" /><testcase classname="backend.tests.test_widget_overlay_features.TestOverlayCRUD" name="test_delete_nonexistent_overlay" time="0.116" /><testcase classname="backend.tests.test_widget_overlay_features.TestActiveOverlays" name="test_get_active_overlays_returns_only_enabled" time="0.571" /><testcase classname="backend.tests.test_widget_overlay_features.TestActiveOverlays" name="test_toggle_overlay_enabled" time="0.836" /><testcase classname="backend.tests.test_widget_overlay_features.TestSettingsPortraitDefaults" name="test_portrait_settings" time="0.108" /></testsuite></testsuites>