<?xml version="1.0" encoding="utf-8"?><testsuites name="pytest tests"><testsuite name="pytest" errors="0" failures="0" skipped="0" tests="28" time="12.651" timestamp="2026-03-28T19:57:23.099231+00:00" hostname="agent-env-c46a6eab-36db-4aaa-8970-f2af27c95170"><testcase classname="backend.tests.test_phase2_attractions_content.TestAttractionsEndpoints" name="test_get_attractions_returns_list" time="0.140" /><testcase classname="backend.tests.test_phase2_attractions_content.TestAttractionsEndpoints" name="test_get_attractions_has_default_seeded" time="0.137" /><testcase classname="backend.tests.test_phase2_attractions_content.TestAttractionsEndpoints" name="test_get_attractions_sorted_by_order" time="0.138" /><testcase classname="backend.tests.test_phase2_attractions_content.TestAttractionsEndpoints" name="test_create_attraction" time="0.351" /><testcase classname="backend.tests.test_phase2_attractions_content.TestAttractionsEndpoints" name="test_create_attraction_with_different_categories" time="2.010" /><testcase classname="backend.tests.test_phase2_attractions_content.TestAttractionsEndpoints" name="test_update_attraction" time="0.464" /><testcase classname="backend.tests.test_phase2_attractions_content.TestAttractionsEndpoints" name="test_update_attraction_enabled_toggle" time="0.470" /><testcase classname="backend.tests.test_phase2_attractions_content.TestAttractionsEndpoints" name="test_delete_attraction" time="0.348" /><testcase classname="backend.tests.test_phase2_attractions_content.TestAttractionsEndpoints" name="test_delete_nonexistent_attraction_returns_404" time="0.103" /><testcase classname="backend.tests.test_phase2_attractions_content.TestAttractionsEndpoints" name="test_update_nonexistent_attraction_returns_404" time="0.102" /><testcase classname="backend.tests.test_phase2_attractions_content.TestAttractionsReorder" name="test_reorder_attractions" time="0.430" /><testcase classname="backend.tests.test_phase2_attractions_content.TestAttractionsSettings" name="test_settings_include_attractions_per_slide" time="0.102" /><testcase classname="backend.tests.test_phase2_attractions_content.TestAttractionsSettings" name="test_settings_include_attractions_auto_rotate" time="0.102" /><testcase classname="backend.tests.test_phase2_attractions_content.TestAttractionsSettings" name="test_update_attractions_settings" time="0.538" /><testcase classname="backend.tests.test_phase2_attractions_content.TestContentEndpoints" name="test_get_content_for_all_types" time="0.769" /><testcase classname="backend.tests.test_phase2_attractions_content.TestContentEndpoints" name="test_get_content_invalid_type_returns_400" time="0.164" /><testcase classname="backend.tests.test_phase2_attractions_content.TestContentEndpoints" name="test_create_content_item" time="0.331" /><testcase classname="backend.tests.test_phase2_attractions_content.TestContentEndpoints" name="test_create_content_for_all_types" time="1.576" /><testcase classname="backend.tests.test_phase2_attractions_content.TestContentEndpoints" name="test_create_content_with_priorities" time="0.632" /><testcase classname="backend.tests.test_phase2_attractions_content.TestContentEndpoints" name="test_update_content_item" time="0.432" /><testcase classname="backend.tests.test_phase2_attractions_content.TestContentEndpoints" name="test_update_content_enabled_toggle" time="0.418" /><testcase classname="backend.tests.test_phase2_attractions_content.TestContentEndpoints" name="test_delete_content_item" time="0.327" /><testcase classname="backend.tests.test_phase2_attractions_content.TestContentEndpoints" name="test_delete_nonexistent_content_returns_404" time="0.139" /><testcase classname="backend.tests.test_phase2_attractions_content.TestContentEndpoints" name="test_update_nonexistent_content_returns_404" time="0.100" /><testcase classname="backend.tests.test_phase2_attractions_content.TestContentReorder" name="test_reorder_content" time="0.901" /><testcase classname="backend.tests.test_phase2_attractions_content.TestPhase2Integration" name="test_attractions_data_for_lobby_display" time="0.102" /><testcase classname="backend.tests.test_phase2_attractions_content.TestPhase2Integration" name="test_settings_attractions_per_slide_affects_display" time="0.219" /><testcase classname="backend.tests.test_phase2_attractions_content.TestPhase2Integration" name="test_all_existing_endpoints_still_work" time="1.023" /></testsuite></testsuites>