<?xml version="1.0" encoding="utf-8"?><testsuites name="pytest tests"><testsuite name="pytest" errors="0" failures="0" skipped="0" tests="11" time="4.020" timestamp="2026-03-29T00:36:02.466858+00:00" hostname="agent-env-c46a6eab-36db-4aaa-8970-f2af27c95170"><testcase classname="backend.tests.test_cloudinary_images.TestCloudinaryImageEndpoints" name="test_get_images_returns_cloudinary_urls" time="0.131" /><testcase classname="backend.tests.test_cloudinary_images.TestCloudinaryImageEndpoints" name="test_upload_image_returns_cloudinary_url" time="0.669" /><testcase classname="backend.tests.test_cloudinary_images.TestCloudinaryImageEndpoints" name="test_delete_image_from_cloudinary" time="1.494" /><testcase classname="backend.tests.test_cloudinary_images.TestCloudinaryImageEndpoints" name="test_delete_nonexistent_image_returns_404" time="0.125" /><testcase classname="backend.tests.test_cloudinary_images.TestCloudinaryImageEndpoints" name="test_upload_non_image_returns_400" time="0.121" /><testcase classname="backend.tests.test_cloudinary_images.TestCloudinaryImageEndpoints" name="test_migrate_to_cloud_endpoint" time="0.111" /><testcase classname="backend.tests.test_cloudinary_images.TestEventImageUpload" name="test_upload_event_image_to_cloudinary" time="0.768" /><testcase classname="backend.tests.test_cloudinary_images.TestEventImageUpload" name="test_upload_event_image_invalid_event_returns_404" time="0.104" /><testcase classname="backend.tests.test_cloudinary_images.TestEventImageUpload" name="test_upload_event_image_invalid_file_type_returns_400" time="0.214" /><testcase classname="backend.tests.test_cloudinary_images.TestHealthAndBasicEndpoints" name="test_health_endpoint" time="0.100" /><testcase classname="backend.tests.test_cloudinary_images.TestHealthAndBasicEndpoints" name="test_settings_endpoint" time="0.114" /></testsuite></testsuites>