<?xml version="1.0" encoding="utf-8"?><testsuites name="pytest tests"><testsuite name="pytest" errors="0" failures="0" skipped="0" tests="21" time="4.213" timestamp="2026-03-28T19:39:50.716234+00:00" hostname="agent-env-c46a6eab-36db-4aaa-8970-f2af27c95170"><testcase classname="backend.tests.test_hotel_lobby_api.TestHealthEndpoints" name="test_root_endpoint" time="0.217" /><testcase classname="backend.tests.test_hotel_lobby_api.TestHealthEndpoints" name="test_health_endpoint" time="0.187" /><testcase classname="backend.tests.test_hotel_lobby_api.TestWeatherEndpoints" name="test_get_weather_basic" time="0.333" /><testcase classname="backend.tests.test_hotel_lobby_api.TestWeatherEndpoints" name="test_get_weather_extended" time="0.317" /><testcase classname="backend.tests.test_hotel_lobby_api.TestWeatherEndpoints" name="test_weather_condition_for_theme" time="0.212" /><testcase classname="backend.tests.test_hotel_lobby_api.TestSettingsEndpoints" name="test_get_settings" time="0.147" /><testcase classname="backend.tests.test_hotel_lobby_api.TestSettingsEndpoints" name="test_settings_display_config" time="0.113" /><testcase classname="backend.tests.test_hotel_lobby_api.TestSettingsEndpoints" name="test_settings_aspect_ratio_field" time="0.136" /><testcase classname="backend.tests.test_hotel_lobby_api.TestDisplaySettingsUpdate" name="test_update_aspect_ratio_16_9" time="0.147" /><testcase classname="backend.tests.test_hotel_lobby_api.TestDisplaySettingsUpdate" name="test_update_aspect_ratio_9_16" time="0.103" /><testcase classname="backend.tests.test_hotel_lobby_api.TestDisplaySettingsUpdate" name="test_update_aspect_ratio_4_3" time="0.118" /><testcase classname="backend.tests.test_hotel_lobby_api.TestDisplaySettingsUpdate" name="test_update_aspect_ratio_3_4" time="0.135" /><testcase classname="backend.tests.test_hotel_lobby_api.TestDisplaySettingsUpdate" name="test_update_custom_dimensions" time="0.110" /><testcase classname="backend.tests.test_hotel_lobby_api.TestDisplaySettingsUpdate" name="test_settings_persist_after_update" time="0.228" /><testcase classname="backend.tests.test_hotel_lobby_api.TestImagesEndpoints" name="test_get_images" time="0.134" /><testcase classname="backend.tests.test_hotel_lobby_api.TestImagesEndpoints" name="test_default_images_present" time="0.105" /><testcase classname="backend.tests.test_hotel_lobby_api.TestNewsEndpoints" name="test_get_news" time="0.268" /><testcase classname="backend.tests.test_hotel_lobby_api.TestNewsEndpoints" name="test_news_is_live" time="0.139" /><testcase classname="backend.tests.test_hotel_lobby_api.TestSlideIntegration" name="test_weather_slide_data_complete" time="0.318" /><testcase classname="backend.tests.test_hotel_lobby_api.TestSlideIntegration" name="test_photo_slide_data_complete" time="0.438" /><testcase classname="backend.tests.test_hotel_lobby_api.TestSlideIntegration" name="test_attractions_events_slide_data" time="0.099" /></testsuite></testsuites>