<?xml version="1.0" encoding="utf-8"?><testsuites name="pytest tests"><testsuite name="pytest" errors="0" failures="0" skipped="0" tests="27" time="7.431" timestamp="2026-03-28T20:09:13.313143+00:00" hostname="agent-env-c46a6eab-36db-4aaa-8970-f2af27c95170"><testcase classname="backend.tests.test_phase3_widget_layouts.TestWidgetLayoutSettings" name="test_get_settings_includes_widget_layout" time="0.137" /><testcase classname="backend.tests.test_phase3_widget_layouts.TestWidgetLayoutSettings" name="test_get_settings_includes_widget_scale" time="0.127" /><testcase classname="backend.tests.test_phase3_widget_layouts.TestWidgetLayoutSettings" name="test_get_settings_includes_font_scale" time="0.107" /><testcase classname="backend.tests.test_phase3_widget_layouts.TestWidgetLayoutSettings" name="test_get_settings_includes_widget_padding" time="0.111" /><testcase classname="backend.tests.test_phase3_widget_layouts.TestWidgetLayoutSettings" name="test_get_settings_includes_widget_spacing" time="0.112" /><testcase classname="backend.tests.test_phase3_widget_layouts.TestWidgetLayoutUpdate" name="test_update_widget_layout_bottom_left" time="0.224" /><testcase classname="backend.tests.test_phase3_widget_layouts.TestWidgetLayoutUpdate" name="test_update_widget_layout_top_right" time="0.128" /><testcase classname="backend.tests.test_phase3_widget_layouts.TestWidgetLayoutUpdate" name="test_update_widget_layout_bottom_bar" time="0.102" /><testcase classname="backend.tests.test_phase3_widget_layouts.TestWidgetLayoutUpdate" name="test_update_widget_layout_centered" time="0.114" /><testcase classname="backend.tests.test_phase3_widget_layouts.TestWidgetLayoutUpdate" name="test_update_widget_layout_split" time="0.134" /><testcase classname="backend.tests.test_phase3_widget_layouts.TestWidgetLayoutUpdate" name="test_update_widget_scale" time="0.334" /><testcase classname="backend.tests.test_phase3_widget_layouts.TestWidgetLayoutUpdate" name="test_update_font_scale" time="0.342" /><testcase classname="backend.tests.test_phase3_widget_layouts.TestWidgetLayoutUpdate" name="test_update_widget_padding" time="0.245" /><testcase classname="backend.tests.test_phase3_widget_layouts.TestWidgetLayoutUpdate" name="test_update_widget_spacing" time="0.253" /><testcase classname="backend.tests.test_phase3_widget_layouts.TestWidgetLayoutUpdate" name="test_update_all_widget_settings_together" time="0.304" /><testcase classname="backend.tests.test_phase3_widget_layouts.TestPhase1Regression" name="test_health_endpoint" time="0.118" /><testcase classname="backend.tests.test_phase3_widget_layouts.TestPhase1Regression" name="test_weather_endpoint" time="0.282" /><testcase classname="backend.tests.test_phase3_widget_layouts.TestPhase1Regression" name="test_news_endpoint" time="0.242" /><testcase classname="backend.tests.test_phase3_widget_layouts.TestPhase1Regression" name="test_images_endpoint" time="0.108" /><testcase classname="backend.tests.test_phase3_widget_layouts.TestPhase1Regression" name="test_display_settings_still_work" time="0.120" /><testcase classname="backend.tests.test_phase3_widget_layouts.TestPhase2Regression" name="test_attractions_endpoint" time="0.113" /><testcase classname="backend.tests.test_phase3_widget_layouts.TestPhase2Regression" name="test_content_endpoint" time="0.798" /><testcase classname="backend.tests.test_phase3_widget_layouts.TestPhase2Regression" name="test_attractions_settings_still_work" time="0.107" /><testcase classname="backend.tests.test_phase3_widget_layouts.TestPhase3Integration" name="test_all_layout_presets_valid" time="1.260" /><testcase classname="backend.tests.test_phase3_widget_layouts.TestPhase3Integration" name="test_widget_scale_range" time="0.643" /><testcase classname="backend.tests.test_phase3_widget_layouts.TestPhase3Integration" name="test_font_scale_range" time="0.655" /><testcase classname="backend.tests.test_phase3_widget_layouts.TestPhase3Integration" name="test_settings_complete_structure" time="0.108" /></testsuite></testsuites>