<?xml version="1.0" encoding="utf-8"?><testsuites name="pytest tests"><testsuite name="pytest" errors="0" failures="0" skipped="0" tests="12" time="2.421" timestamp="2026-03-29T21:17:54.237301+00:00" hostname="agent-env-c46a6eab-36db-4aaa-8970-f2af27c95170"><testcase classname="backend.tests.test_orientation_aspect_ratio.TestOrientationAspectRatio" name="test_health_endpoint" time="0.182" /><testcase classname="backend.tests.test_orientation_aspect_ratio.TestOrientationAspectRatio" name="test_get_settings_returns_widget_positions" time="0.139" /><testcase classname="backend.tests.test_orientation_aspect_ratio.TestOrientationAspectRatio" name="test_get_settings_returns_orientation_fields" time="0.147" /><testcase classname="backend.tests.test_orientation_aspect_ratio.TestOrientationAspectRatio" name="test_put_settings_with_landscape_positions" time="0.213" /><testcase classname="backend.tests.test_orientation_aspect_ratio.TestOrientationAspectRatio" name="test_put_settings_with_portrait_positions" time="0.175" /><testcase classname="backend.tests.test_orientation_aspect_ratio.TestOrientationAspectRatio" name="test_put_settings_with_custom_positions" time="0.206" /><testcase classname="backend.tests.test_orientation_aspect_ratio.TestOrientationAspectRatio" name="test_put_settings_aspect_ratio_4_3" time="0.152" /><testcase classname="backend.tests.test_orientation_aspect_ratio.TestOrientationAspectRatio" name="test_put_settings_aspect_ratio_3_4" time="0.187" /><testcase classname="backend.tests.test_orientation_aspect_ratio.TestOrientationAspectRatio" name="test_put_settings_custom_aspect_ratio" time="0.228" /><testcase classname="backend.tests.test_orientation_aspect_ratio.TestOrientationAspectRatio" name="test_widget_positions_persist_after_reload" time="0.282" /><testcase classname="backend.tests.test_orientation_aspect_ratio.TestOrientationAspectRatio" name="test_orientation_switch_landscape_to_portrait" time="0.183" /><testcase classname="backend.tests.test_orientation_aspect_ratio.TestOrientationAspectRatio" name="test_orientation_switch_portrait_to_landscape" time="0.214" /></testsuite></testsuites>