<?xml version="1.0" encoding="utf-8"?><testsuites name="pytest tests"><testsuite name="pytest" errors="0" failures="0" skipped="0" tests="15" time="3.120" timestamp="2026-03-28T21:43:04.849457+00:00" hostname="agent-env-c46a6eab-36db-4aaa-8970-f2af27c95170"><testcase classname="backend.tests.test_weatherapi_integration.TestHealthEndpoint" name="test_health_shows_weatherapi_provider" time="0.151" /><testcase classname="backend.tests.test_weatherapi_integration.TestWeatherEndpoint" name="test_weather_returns_real_data" time="0.122" /><testcase classname="backend.tests.test_weatherapi_integration.TestWeatherEndpoint" name="test_weather_has_required_fields" time="0.111" /><testcase classname="backend.tests.test_weatherapi_integration.TestWeatherEndpoint" name="test_weather_city_is_clifton" time="0.133" /><testcase classname="backend.tests.test_weatherapi_integration.TestWeatherEndpoint" name="test_weather_icon_is_owm_format" time="0.105" /><testcase classname="backend.tests.test_weatherapi_integration.TestWeatherEndpoint" name="test_weather_numeric_fields_are_valid" time="0.112" /><testcase classname="backend.tests.test_weatherapi_integration.TestExtendedWeatherEndpoint" name="test_extended_weather_returns_current" time="0.201" /><testcase classname="backend.tests.test_weatherapi_integration.TestExtendedWeatherEndpoint" name="test_extended_weather_has_forecast_array" time="0.190" /><testcase classname="backend.tests.test_weatherapi_integration.TestExtendedWeatherEndpoint" name="test_extended_weather_forecast_has_required_fields" time="0.176" /><testcase classname="backend.tests.test_weatherapi_integration.TestExtendedWeatherEndpoint" name="test_extended_weather_has_hourly_array" time="0.185" /><testcase classname="backend.tests.test_weatherapi_integration.TestExtendedWeatherEndpoint" name="test_extended_weather_hourly_has_time_and_temp" time="0.199" /><testcase classname="backend.tests.test_weatherapi_integration.TestWeatherCaching" name="test_weather_caching_works" time="1.248" /><testcase classname="backend.tests.test_weatherapi_integration.TestNoOpenWeatherMapReferences" name="test_env_has_weatherapi_key" time="0.000" /><testcase classname="backend.tests.test_weatherapi_integration.TestNoOpenWeatherMapReferences" name="test_server_uses_weatherapi" time="0.000" /><testcase classname="backend.tests.test_weatherapi_integration.TestWeatherBackgroundTheme" name="test_overcast_maps_to_cloudy_icon" time="0.110" /></testsuite></testsuites>