<?xml version="1.0" encoding="utf-8"?><testsuites name="pytest tests"><testsuite name="pytest" errors="0" failures="0" skipped="0" tests="8" time="2.635" timestamp="2026-03-29T01:39:15.691838+00:00" hostname="agent-env-c46a6eab-36db-4aaa-8970-f2af27c95170"><testcase classname="backend.tests.test_logo_and_widget.TestLogoEndpoints" name="test_get_settings_has_logo_url_field" time="0.188" /><testcase classname="backend.tests.test_logo_and_widget.TestLogoEndpoints" name="test_upload_logo_success" time="0.935" /><testcase classname="backend.tests.test_logo_and_widget.TestLogoEndpoints" name="test_upload_logo_invalid_file_type" time="0.106" /><testcase classname="backend.tests.test_logo_and_widget.TestLogoEndpoints" name="test_delete_logo_success" time="0.738" /><testcase classname="backend.tests.test_logo_and_widget.TestWidgetPositioning" name="test_get_settings_has_widget_positions" time="0.111" /><testcase classname="backend.tests.test_logo_and_widget.TestWidgetPositioning" name="test_update_widget_positions" time="0.246" /><testcase classname="backend.tests.test_logo_and_widget.TestWidgetPositioning" name="test_restore_default_widget_positions" time="0.118" /><testcase classname="backend.tests.test_logo_and_widget.TestHealthAndBasics" name="test_health_endpoint" time="0.120" /></testsuite></testsuites>