<?xml version="1.0" encoding="utf-8"?><testsuites name="pytest tests"><testsuite name="pytest" errors="0" failures="0" skipped="0" tests="23" time="1.756" timestamp="2026-03-28T21:30:14.669791+00:00" hostname="agent-env-c46a6eab-36db-4aaa-8970-f2af27c95170"><testcase classname="backend.tests.test_ui_redesign.TestBackendAPIs" name="test_health_endpoint" time="0.221" /><testcase classname="backend.tests.test_ui_redesign.TestBackendAPIs" name="test_settings_endpoint" time="0.163" /><testcase classname="backend.tests.test_ui_redesign.TestBackendAPIs" name="test_attractions_endpoint" time="0.143" /><testcase classname="backend.tests.test_ui_redesign.TestBackendAPIs" name="test_events_endpoint" time="0.157" /><testcase classname="backend.tests.test_ui_redesign.TestBackendAPIs" name="test_news_endpoint" time="0.323" /><testcase classname="backend.tests.test_ui_redesign.TestBackendAPIs" name="test_weather_endpoint" time="0.271" /><testcase classname="backend.tests.test_ui_redesign.TestCodeDefaults" name="test_settings_hotel_name_default_is_empty" time="0.333" /><testcase classname="backend.tests.test_ui_redesign.TestCodeDefaults" name="test_default_images_is_empty" time="0.000" /><testcase classname="backend.tests.test_ui_redesign.TestCodeDefaults" name="test_default_attractions_no_unsplash" time="0.000" /><testcase classname="backend.tests.test_ui_redesign.TestCodeDefaults" name="test_default_events_no_unsplash" time="0.000" /><testcase classname="backend.tests.test_ui_redesign.TestCodeDefaults" name="test_fallback_headlines_no_velkommen" time="0.000" /><testcase classname="backend.tests.test_ui_redesign.TestEmptyStates" name="test_attractions_empty_state_message" time="0.000" /><testcase classname="backend.tests.test_ui_redesign.TestEmptyStates" name="test_events_empty_state_message" time="0.000" /><testcase classname="backend.tests.test_ui_redesign.TestNoVelkommenInn" name="test_lobby_display_no_velkommen" time="0.000" /><testcase classname="backend.tests.test_ui_redesign.TestNoVelkommenInn" name="test_weather_slide_no_velkommen" time="0.000" /><testcase classname="backend.tests.test_ui_redesign.TestNoVelkommenInn" name="test_admin_panel_no_velkommen" time="0.000" /><testcase classname="backend.tests.test_ui_redesign.TestNoVelkommenInn" name="test_backend_no_velkommen" time="0.000" /><testcase classname="backend.tests.test_ui_redesign.TestNoUnsplashURLs" name="test_local_attractions_slide_no_unsplash" time="0.000" /><testcase classname="backend.tests.test_ui_redesign.TestNoUnsplashURLs" name="test_events_slide_no_unsplash" time="0.000" /><testcase classname="backend.tests.test_ui_redesign.TestNoUnsplashURLs" name="test_backend_no_unsplash" time="0.000" /><testcase classname="backend.tests.test_ui_redesign.TestSeparatedLayout" name="test_lobby_display_has_separated_layout" time="0.000" /><testcase classname="backend.tests.test_ui_redesign.TestSeparatedLayout" name="test_admin_panel_shows_separated_layout" time="0.000" /><testcase classname="backend.tests.test_ui_redesign.TestWeatherSlide" name="test_weather_slide_shows_city" time="0.000" /></testsuite></testsuites>