<?xml version="1.0" encoding="utf-8"?><testsuites name="pytest tests"><testsuite name="pytest" errors="0" failures="0" skipped="0" tests="27" time="5.660" timestamp="2026-03-28T20:20:38.162424+00:00" hostname="agent-env-c46a6eab-36db-4aaa-8970-f2af27c95170"><testcase classname="backend.tests.test_events_feature.TestEventsBasicCRUD" name="test_get_events_returns_list" time="0.210" /><testcase classname="backend.tests.test_events_feature.TestEventsBasicCRUD" name="test_get_events_sorted_by_upcoming" time="0.100" /><testcase classname="backend.tests.test_events_feature.TestEventsBasicCRUD" name="test_get_events_sorted_by_featured" time="0.128" /><testcase classname="backend.tests.test_events_feature.TestEventsBasicCRUD" name="test_get_events_sorted_by_newest" time="0.125" /><testcase classname="backend.tests.test_events_feature.TestEventsBasicCRUD" name="test_get_events_include_expired" time="0.203" /><testcase classname="backend.tests.test_events_feature.TestEventsBasicCRUD" name="test_create_event_with_all_fields" time="0.221" /><testcase classname="backend.tests.test_events_feature.TestEventsBasicCRUD" name="test_update_event_fields" time="0.246" /><testcase classname="backend.tests.test_events_feature.TestEventsBasicCRUD" name="test_toggle_featured_flag" time="0.254" /><testcase classname="backend.tests.test_events_feature.TestEventsBasicCRUD" name="test_toggle_enabled_flag" time="0.311" /><testcase classname="backend.tests.test_events_feature.TestEventsBasicCRUD" name="test_delete_event" time="0.197" /><testcase classname="backend.tests.test_events_feature.TestEventsBasicCRUD" name="test_delete_nonexistent_event_returns_404" time="0.104" /><testcase classname="backend.tests.test_events_feature.TestEventsReorder" name="test_reorder_events" time="0.463" /><testcase classname="backend.tests.test_events_feature.TestEventsExpired" name="test_is_expired_computed_field" time="0.266" /><testcase classname="backend.tests.test_events_feature.TestEventsExpired" name="test_auto_hide_expired_events" time="0.297" /><testcase classname="backend.tests.test_events_feature.TestEventsExpired" name="test_keep_after_expired_flag" time="0.314" /><testcase classname="backend.tests.test_events_feature.TestEventsSettings" name="test_get_settings_returns_events_fields" time="0.101" /><testcase classname="backend.tests.test_events_feature.TestEventsSettings" name="test_update_events_per_slide" time="0.216" /><testcase classname="backend.tests.test_events_feature.TestEventsSettings" name="test_update_events_auto_rotate" time="0.150" /><testcase classname="backend.tests.test_events_feature.TestEventsSettings" name="test_update_events_show_in_slideshow" time="0.159" /><testcase classname="backend.tests.test_events_feature.TestEventsSettings" name="test_update_events_auto_hide_expired" time="0.152" /><testcase classname="backend.tests.test_events_feature.TestEventsSettings" name="test_update_events_sort_by" time="0.300" /><testcase classname="backend.tests.test_events_feature.TestRegressionPhase1And2" name="test_health_endpoint" time="0.116" /><testcase classname="backend.tests.test_events_feature.TestRegressionPhase1And2" name="test_images_endpoint" time="0.113" /><testcase classname="backend.tests.test_events_feature.TestRegressionPhase1And2" name="test_settings_endpoint" time="0.101" /><testcase classname="backend.tests.test_events_feature.TestRegressionPhase1And2" name="test_attractions_endpoint" time="0.164" /><testcase classname="backend.tests.test_events_feature.TestRegressionPhase1And2" name="test_content_endpoint" time="0.140" /><testcase classname="backend.tests.test_events_feature.TestRegressionPhase1And2" name="test_news_endpoint" time="0.395" /></testsuite></testsuites>