<?xml version="1.0" encoding="utf-8"?><testsuites name="pytest tests"><testsuite name="pytest" errors="0" failures="0" skipped="0" tests="11" time="4.486" timestamp="2026-03-29T18:53:02.703579+00:00" hostname="agent-env-c46a6eab-36db-4aaa-8970-f2af27c95170"><testcase classname="backend.tests.test_widget_customization.TestWidgetCustomizationSettings" name="test_get_settings_returns_widget_customization_fields" time="0.251" /><testcase classname="backend.tests.test_widget_customization.TestWidgetCustomizationSettings" name="test_put_settings_widget_visibility" time="0.455" /><testcase classname="backend.tests.test_widget_customization.TestWidgetCustomizationSettings" name="test_put_settings_widget_colors" time="0.460" /><testcase classname="backend.tests.test_widget_customization.TestWidgetCustomizationSettings" name="test_put_settings_clock_style" time="0.592" /><testcase classname="backend.tests.test_widget_customization.TestWidgetCustomizationSettings" name="test_put_settings_font_style" time="0.609" /><testcase classname="backend.tests.test_widget_customization.TestWidgetCustomizationSettings" name="test_put_settings_glass_effect" time="0.443" /><testcase classname="backend.tests.test_widget_customization.TestWidgetCustomizationSettings" name="test_put_settings_clock_format" time="0.441" /><testcase classname="backend.tests.test_widget_customization.TestWidgetCustomizationSettings" name="test_put_settings_all_widget_customization_fields" time="0.369" /><testcase classname="backend.tests.test_widget_customization.TestAuthLogin" name="test_admin_login_success" time="0.327" /><testcase classname="backend.tests.test_widget_customization.TestAuthLogin" name="test_admin_login_invalid_password" time="0.322" /><testcase classname="backend.tests.test_widget_customization.TestHealthCheck" name="test_health_endpoint" time="0.099" /></testsuite></testsuites>