<?xml version="1.0" encoding="utf-8"?><testsuites name="pytest tests"><testsuite name="pytest" errors="0" failures="0" skipped="0" tests="12" time="2.070" timestamp="2026-03-29T22:37:18.732788+00:00" hostname="agent-env-c46a6eab-36db-4aaa-8970-f2af27c95170"><testcase classname="backend.tests.test_aspect_ratio_settings.TestAspectRatioSettings" name="test_get_settings_returns_aspect_ratio_fields" time="0.230" /><testcase classname="backend.tests.test_aspect_ratio_settings.TestAspectRatioSettings" name="test_put_settings_16_9_landscape" time="0.105" /><testcase classname="backend.tests.test_aspect_ratio_settings.TestAspectRatioSettings" name="test_verify_16_9_persisted" time="0.151" /><testcase classname="backend.tests.test_aspect_ratio_settings.TestAspectRatioSettings" name="test_put_settings_3_4_portrait" time="0.113" /><testcase classname="backend.tests.test_aspect_ratio_settings.TestAspectRatioSettings" name="test_verify_3_4_persisted" time="0.117" /><testcase classname="backend.tests.test_aspect_ratio_settings.TestWidgetPositionSettings" name="test_get_settings_returns_widget_positions" time="0.105" /><testcase classname="backend.tests.test_aspect_ratio_settings.TestWidgetPositionSettings" name="test_put_widget_positions" time="0.118" /><testcase classname="backend.tests.test_aspect_ratio_settings.TestWidgetPositionSettings" name="test_verify_widget_positions_persisted" time="0.120" /><testcase classname="backend.tests.test_aspect_ratio_settings.TestWidgetVisibilitySettings" name="test_get_settings_returns_widget_visibility" time="0.115" /><testcase classname="backend.tests.test_aspect_ratio_settings.TestWidgetVisibilitySettings" name="test_put_widget_visibility" time="0.115" /><testcase classname="backend.tests.test_aspect_ratio_settings.TestAuthLogin" name="test_admin_login" time="0.329" /><testcase classname="backend.tests.test_aspect_ratio_settings.TestAuthLogin" name="test_admin_login_invalid_password" time="0.364" /></testsuite></testsuites>