<?xml version="1.0" encoding="utf-8"?><testsuites name="pytest tests"><testsuite name="pytest" errors="0" failures="0" skipped="0" tests="19" time="2.932" timestamp="2026-03-29T02:35:33.822403+00:00" hostname="agent-env-c46a6eab-36db-4aaa-8970-f2af27c95170"><testcase classname="tests.test_iteration25.TestHealthAndBasics" name="test_health_endpoint" time="0.128" /><testcase classname="tests.test_iteration25.TestContentSections" name="test_get_announcement_content" time="0.129" /><testcase classname="tests.test_iteration25.TestContentSections" name="test_get_promotion_content" time="0.112" /><testcase classname="tests.test_iteration25.TestContentSections" name="test_get_welcome_message_content" time="0.118" /><testcase classname="tests.test_iteration25.TestContentSections" name="test_get_amenity_content" time="0.111" /><testcase classname="tests.test_iteration25.TestContentSections" name="test_get_event_content" time="0.106" /><testcase classname="tests.test_iteration25.TestContentSections" name="test_get_emergency_content" time="0.127" /><testcase classname="tests.test_iteration25.TestContentSections" name="test_get_checkout_reminder_content" time="0.098" /><testcase classname="tests.test_iteration25.TestContentSections" name="test_create_and_delete_content" time="0.250" /><testcase classname="tests.test_iteration25.TestAttractions" name="test_get_attractions" time="0.149" /><testcase classname="tests.test_iteration25.TestAttractions" name="test_create_update_delete_attraction" time="0.350" /><testcase classname="tests.test_iteration25.TestOverlays" name="test_get_overlays" time="0.100" /><testcase classname="tests.test_iteration25.TestOverlays" name="test_get_active_overlays" time="0.105" /><testcase classname="tests.test_iteration25.TestOverlays" name="test_create_update_delete_overlay" time="0.219" /><testcase classname="tests.test_iteration25.TestVideos" name="test_get_videos" time="0.107" /><testcase classname="tests.test_iteration25.TestVideos" name="test_get_active_videos" time="0.103" /><testcase classname="tests.test_iteration25.TestVideos" name="test_create_update_delete_video" time="0.233" /><testcase classname="tests.test_iteration25.TestSettings" name="test_get_settings" time="0.107" /><testcase classname="tests.test_iteration25.TestSettings" name="test_update_widget_positions" time="0.197" /></testsuite></testsuites>