<?xml version="1.0" encoding="utf-8"?><testsuites name="pytest tests"><testsuite name="pytest" errors="0" failures="0" skipped="0" tests="20" time="7.263" timestamp="2026-03-29T00:08:57.078011+00:00" hostname="agent-env-c46a6eab-36db-4aaa-8970-f2af27c95170"><testcase classname="backend.tests.test_auth_endpoints.TestAuthLogin" name="test_login_with_correct_credentials" time="0.445" /><testcase classname="backend.tests.test_auth_endpoints.TestAuthLogin" name="test_login_with_wrong_password" time="0.366" /><testcase classname="backend.tests.test_auth_endpoints.TestAuthLogin" name="test_login_with_wrong_email" time="0.122" /><testcase classname="backend.tests.test_auth_endpoints.TestAuthLogin" name="test_login_with_empty_credentials" time="0.150" /><testcase classname="backend.tests.test_auth_endpoints.TestAuthLogin" name="test_login_case_insensitive_email" time="0.331" /><testcase classname="backend.tests.test_auth_endpoints.TestAuthMe" name="test_me_with_valid_token" time="0.477" /><testcase classname="backend.tests.test_auth_endpoints.TestAuthMe" name="test_me_without_token" time="0.108" /><testcase classname="backend.tests.test_auth_endpoints.TestAuthMe" name="test_me_with_invalid_token" time="0.115" /><testcase classname="backend.tests.test_auth_endpoints.TestAuthMe" name="test_me_with_malformed_auth_header" time="0.099" /><testcase classname="backend.tests.test_auth_endpoints.TestAuthChangePassword" name="test_change_password_with_wrong_current_password" time="0.660" /><testcase classname="backend.tests.test_auth_endpoints.TestAuthChangePassword" name="test_change_password_with_short_new_password" time="0.655" /><testcase classname="backend.tests.test_auth_endpoints.TestAuthChangePassword" name="test_change_password_without_auth" time="0.122" /><testcase classname="backend.tests.test_auth_endpoints.TestAuthChangePassword" name="test_change_password_success_and_revert" time="2.165" /><testcase classname="backend.tests.test_auth_endpoints.TestAuthLogout" name="test_logout_returns_success" time="0.116" /><testcase classname="backend.tests.test_auth_endpoints.TestAuthLogout" name="test_logout_clears_cookie" time="0.393" /><testcase classname="backend.tests.test_auth_endpoints.TestPublicEndpoints" name="test_lobby_display_public" time="0.104" /><testcase classname="backend.tests.test_auth_endpoints.TestPublicEndpoints" name="test_api_health_public" time="0.103" /><testcase classname="backend.tests.test_auth_endpoints.TestPublicEndpoints" name="test_api_settings_public" time="0.099" /><testcase classname="backend.tests.test_auth_endpoints.TestPublicEndpoints" name="test_api_weather_public" time="0.437" /><testcase classname="backend.tests.test_auth_endpoints.TestPublicEndpoints" name="test_api_images_public" time="0.100" /></testsuite></testsuites>