<?xml version="1.0" encoding="utf-8"?><testsuites name="pytest tests"><testsuite name="pytest" errors="0" failures="0" skipped="0" tests="9" time="1.420" timestamp="2026-03-29T21:44:19.646381+00:00" hostname="agent-env-c46a6eab-36db-4aaa-8970-f2af27c95170"><testcase classname="backend.tests.test_widget_positions.TestWidgetPositionsAPI" name="test_get_settings_returns_widget_positions" time="0.195" /><testcase classname="backend.tests.test_widget_positions.TestWidgetPositionsAPI" name="test_put_settings_saves_widget_positions" time="0.099" /><testcase classname="backend.tests.test_widget_positions.TestWidgetPositionsAPI" name="test_widget_positions_persist_after_reload" time="0.235" /><testcase classname="backend.tests.test_widget_positions.TestWidgetPositionsAPI" name="test_portrait_default_positions" time="0.100" /><testcase classname="backend.tests.test_widget_positions.TestWidgetPositionsAPI" name="test_landscape_default_positions" time="0.153" /><testcase classname="backend.tests.test_widget_positions.TestWidgetPositionsAPI" name="test_widget_visibility_settings" time="0.100" /><testcase classname="backend.tests.test_widget_positions.TestOrientationSwitching" name="test_switch_to_portrait" time="0.137" /><testcase classname="backend.tests.test_widget_positions.TestOrientationSwitching" name="test_switch_to_landscape" time="0.120" /><testcase classname="backend.tests.test_widget_positions.TestOrientationSwitching" name="test_custom_aspect_ratio" time="0.213" /></testsuite></testsuites>