<?xml version="1.0" encoding="utf-8"?><testsuites name="pytest tests"><testsuite name="pytest" errors="0" failures="0" skipped="0" tests="14" time="3.171" timestamp="2026-03-28T18:25:07.286556+00:00" hostname="agent-env-c46a6eab-36db-4aaa-8970-f2af27c95170"><testcase classname="backend.tests.test_hotel_lobby_api.TestHealthEndpoints" name="test_root_endpoint" time="0.197" /><testcase classname="backend.tests.test_hotel_lobby_api.TestHealthEndpoints" name="test_health_endpoint" time="0.168" /><testcase classname="backend.tests.test_hotel_lobby_api.TestWeatherEndpoints" name="test_get_weather_basic" time="0.339" /><testcase classname="backend.tests.test_hotel_lobby_api.TestWeatherEndpoints" name="test_get_weather_extended" time="0.339" /><testcase classname="backend.tests.test_hotel_lobby_api.TestWeatherEndpoints" name="test_weather_condition_for_theme" time="0.109" /><testcase classname="backend.tests.test_hotel_lobby_api.TestSettingsEndpoints" name="test_get_settings" time="0.175" /><testcase classname="backend.tests.test_hotel_lobby_api.TestSettingsEndpoints" name="test_settings_display_config" time="0.117" /><testcase classname="backend.tests.test_hotel_lobby_api.TestImagesEndpoints" name="test_get_images" time="0.118" /><testcase classname="backend.tests.test_hotel_lobby_api.TestImagesEndpoints" name="test_default_images_present" time="0.118" /><testcase classname="backend.tests.test_hotel_lobby_api.TestNewsEndpoints" name="test_get_news" time="0.278" /><testcase classname="backend.tests.test_hotel_lobby_api.TestNewsEndpoints" name="test_news_is_live" time="0.105" /><testcase classname="backend.tests.test_hotel_lobby_api.TestSlideIntegration" name="test_weather_slide_data_complete" time="0.296" /><testcase classname="backend.tests.test_hotel_lobby_api.TestSlideIntegration" name="test_photo_slide_data_complete" time="0.497" /><testcase classname="backend.tests.test_hotel_lobby_api.TestSlideIntegration" name="test_attractions_events_slide_data" time="0.124" /></testsuite></testsuites>