<?xml version="1.0" encoding="utf-8"?><testsuites name="pytest tests"><testsuite name="pytest" errors="0" failures="0" skipped="0" tests="19" time="7.638" timestamp="2026-03-29T01:57:22.979529+00:00" hostname="agent-env-c46a6eab-36db-4aaa-8970-f2af27c95170"><testcase classname="backend.tests.test_videos.TestVideosCRUD" name="test_health_check" time="0.250" /><testcase classname="backend.tests.test_videos.TestVideosCRUD" name="test_create_video_basic" time="0.142" /><testcase classname="backend.tests.test_videos.TestVideosCRUD" name="test_create_video_with_dates" time="0.127" /><testcase classname="backend.tests.test_videos.TestVideosCRUD" name="test_get_all_videos" time="0.122" /><testcase classname="backend.tests.test_videos.TestVideosCRUD" name="test_get_active_only_videos" time="0.111" /><testcase classname="backend.tests.test_videos.TestVideosCRUD" name="test_update_video" time="0.374" /><testcase classname="backend.tests.test_videos.TestVideosCRUD" name="test_update_video_not_found" time="0.113" /><testcase classname="backend.tests.test_videos.TestVideosCRUD" name="test_delete_video" time="0.425" /><testcase classname="backend.tests.test_videos.TestVideosCRUD" name="test_delete_video_not_found" time="0.103" /><testcase classname="backend.tests.test_videos.TestVideosCRUD" name="test_reorder_videos" time="1.323" /><testcase classname="backend.tests.test_videos.TestVideoUpload" name="test_upload_video_file" time="0.642" /><testcase classname="backend.tests.test_videos.TestVideoUpload" name="test_upload_video_not_found" time="0.098" /><testcase classname="backend.tests.test_videos.TestVideoUpload" name="test_upload_non_video_file" time="0.250" /><testcase classname="backend.tests.test_videos.TestVideoUpload" name="test_upload_thumbnail" time="0.850" /><testcase classname="backend.tests.test_videos.TestVideoUpload" name="test_upload_thumbnail_not_found" time="0.120" /><testcase classname="backend.tests.test_videos.TestVideoUpload" name="test_upload_non_image_thumbnail" time="1.185" /><testcase classname="backend.tests.test_videos.TestVideoFiltering" name="test_expired_video_not_in_active_only" time="0.351" /><testcase classname="backend.tests.test_videos.TestVideoFiltering" name="test_scheduled_video_not_in_active_only" time="0.368" /><testcase classname="backend.tests.test_videos.TestVideoFiltering" name="test_inactive_video_not_in_active_only" time="0.580" /></testsuite></testsuites>